(---------------------------------------------------------------------)
(                                                                     )
(    CREATE SYMBOL                                                    )
(                                                                     )
(    Drawing          : format_acer.dra                               )
(    Software Version : 16.6-2015S108                                 )
(    Date/Time        : Sat Dec 14 03:32:46 2019                      )
(                                                                     )
(---------------------------------------------------------------------)


Create Symbol of type: FORMAT
    Directory = D:/ProgramData/CDS_LIB/Footprint/psmpath
    Name      = format_acer.osm
    User      = drunk_solder
    Machine   = LAPTOP-LHSD8MAL


Create symbol started.
 
 ERROR(SPMHA1-98): Illegal element class. 94283888 
SHAPE        @94283888
1)  mask              = 40
2)  class             = 6 = ETCH
3)  subclass          = 0 = TOP
4)  branch_link       = 94265472
5)  branch_ptr        = 94265472
6)  symbol_ins_link   = 0
7)  first_connection       = 0
8)  first_void        = 94305920
9)  first_outline_seg = 94283960
10) first_patch_set   = 0
11) shape_fill        = 1
12) first_text        = 0
13) first_relation    = 0
14) extents.min       = (94210, 147205)
15) extents.max       = (1233287, 1098859)
16) prev_branch_item  = 94265472

 ERROR(SPMHA1-98): Illegal element class. 

ERROR(SPMHA1-291): Create symbol has been aborted.

