Sat Mar 21 12:06:33 2020				Page     1


 
Update Symbols/Modules Logfile
	Sat Mar 21 12:06:33 2020

------ Module Refresh Messages ------

SUMMARY:    Updated 0 out of 0 modules

------ End Module Messages     ------



(---------------------------------------------------------------------)
(                                                                     )
(    Refresh Symbol                                                   )
(                                                                     )
(    Drawing          : QFN40P400X400-33N.dra                         )
(    Software Version : 16.6-2015S108                                 )
(    Date/Time        : Sat Mar 21 12:06:33 2020                      )
(                                                                     )
(---------------------------------------------------------------------)


Sat Mar 21 12:06:33 2020				Page     1


------ Symbol Refresh Directives ------

Input design  = 'D:/ProgramData/CDS_LIB/Footprint/psmpath/QFN40P400X400-33N.dra'
Output design = ''

Update mechanical symbols              = 'NO'
Update format symbols                  = 'NO'
Update package symbols                 = 'NO'
Update shape/flash symbols             = 'YES'
Update symbol padstacks                = 'NO'
Preserve padstacks replaced on pins    = 'NO'
Reset symbol text and size locations   = 'NO'
Reset Pin Escapes (fanouts)            = 'NO'
Ripup Etch                             = 'NO'
Reset custom drill data                = 'NO'


------ Library Paths ------
PSMPATH =  . 
           symbols 
           .. 
           ../symbols 
           D:/Development/Cadence/Cadence_SPB_16.6/share/local/pcb/symbols 
           D:/Development/Cadence/Cadence_SPB_16.6/share/pcb/pcb_lib/symbols 
           D:/Development/Cadence/Cadence_SPB_16.6/share/pcb/allegrolib/symbols 
           D:/ProgramData/CDS_LIB/Footprint/psmpath/ 

PADPATH =  . 
           symbols 
           .. 
           ../symbols 
           D:/Development/Cadence/Cadence_SPB_16.6/share/local/pcb/padstacks 
           D:/Development/Cadence/Cadence_SPB_16.6/share/pcb/pcb_lib/symbols 
           D:/Development/Cadence/Cadence_SPB_16.6/share/pcb/allegrolib/symbols 
           D:/ProgramData/CDS_LIB/Footprint/padpath/ 


------ Symbol Refresh Messages ------

'SHA_R82_25_LU'  symbol refreshed successfully.
'SHA_R82_25_RU'  symbol refreshed successfully.


----- Symbol Update Summary ----

Updated symbols: 2 out 2
    Design updated.

